The GET method is not supported for this route. Supported methods: POST.
#0 /home/cajo/Documents/FEUP/3Y-2S/LBAW/vendor/laravel/framework/src/Illuminate/Routing/RouteCollection.php(242): Illuminate\Routing\RouteCollection->methodNotAllowed()
#1 /home/cajo/Documents/FEUP/3Y-2S/LBAW/vendor/laravel/framework/src/Illuminate/Routing/RouteCollection.php(176): Illuminate\Routing\RouteCollection->getRouteForMethods()
#2 /home/cajo/Documents/FEUP/3Y-2S/LBAW/vendor/laravel/framework/src/Illuminate/Routing/Router.php(634): Illuminate\Routing\RouteCollection->match()
#3 /home/cajo/Documents/FEUP/3Y-2S/LBAW/vendor/laravel/framework/src/Illuminate/Routing/Router.php(623): Illuminate\Routing\Router->findRoute()
#4 /home/cajo/Documents/FEUP/3Y-2S/LBAW/vendor/laravel/framework/src/Illuminate/Routing/Router.php(612): Illuminate\Routing\Router->dispatchToRoute()
#5 /home/cajo/Documents/FEUP/3Y-2S/LBAW/vendor/laravel/framework/src/Illuminate/Foundation/Http/Kernel.php(176): Illuminate\Routing\Router->dispatch()
#6 /home/cajo/Documents/FEUP/3Y-2S/LBAW/vendor/laravel/framework/src/Illuminate/Routing/Pipeline.php(30): Illuminate\Foundation\Http\Kernel->Illuminate\Foundation\Http\{closure}()
#7 /home/cajo/Documents/FEUP/3Y-2S/LBAW/vendor/laravel/framework/src/Illuminate/View/Middleware/ShareErrorsFromSession.php(49): Illuminate\Routing\Pipeline->Illuminate\Routing\{closure}()
#8 /home/cajo/Documents/FEUP/3Y-2S/LBAW/vendor/laravel/framework/src/Illuminate/Pipeline/Pipeline.php(163): Illuminate\View\Middleware\ShareErrorsFromSession->handle()
#9 /home/cajo/Documents/FEUP/3Y-2S/LBAW/vendor/laravel/framework/src/Illuminate/Routing/Pipeline.php(53): Illuminate\Pipeline\Pipeline->Illuminate\Pipeline\{closure}()
#10 /home/cajo/Documents/FEUP/3Y-2S/LBAW/vendor/laravel/framework/src/Illuminate/Session/Middleware/StartSession.php(56): Illuminate\Routing\Pipeline->Illuminate\Routing\{closure}()
#11 /home/cajo/Documents/FEUP/3Y-2S/LBAW/vendor/laravel/framework/src/Illuminate/Pipeline/Pipeline.php(163): Illuminate\Session\Middleware\StartSession->handle()
#12 /home/cajo/Documents/FEUP/3Y-2S/LBAW/vendor/laravel/framework/src/Illuminate/Routing/Pipeline.php(53): Illuminate\Pipeline\Pipeline->Illuminate\Pipeline\{closure}()
#13 /home/cajo/Documents/FEUP/3Y-2S/LBAW/vendor/fideloper/proxy/src/TrustProxies.php(57): Illuminate\Routing\Pipeline->Illuminate\Routing\{closure}()
#14 /home/cajo/Documents/FEUP/3Y-2S/LBAW/vendor/laravel/framework/src/Illuminate/Pipeline/Pipeline.php(163): Fideloper\Proxy\TrustProxies->handle()
#15 /home/cajo/Documents/FEUP/3Y-2S/LBAW/vendor/laravel/framework/src/Illuminate/Routing/Pipeline.php(53): Illuminate\Pipeline\Pipeline->Illuminate\Pipeline\{closure}()
#16 /home/cajo/Documents/FEUP/3Y-2S/LBAW/vendor/laravel/framework/src/Illuminate/Foundation/Http/Middleware/TransformsRequest.php(21): Illuminate\Routing\Pipeline->Illuminate\Routing\{closure}()
#17 /home/cajo/Documents/FEUP/3Y-2S/LBAW/vendor/laravel/framework/src/Illuminate/Pipeline/Pipeline.php(163): Illuminate\Foundation\Http\Middleware\TransformsRequest->handle()
#18 /home/cajo/Documents/FEUP/3Y-2S/LBAW/vendor/laravel/framework/src/Illuminate/Routing/Pipeline.php(53): Illuminate\Pipeline\Pipeline->Illuminate\Pipeline\{closure}()
#19 /home/cajo/Documents/FEUP/3Y-2S/LBAW/vendor/laravel/framework/src/Illuminate/Foundation/Http/Middleware/TransformsRequest.php(21): Illuminate\Routing\Pipeline->Illuminate\Routing\{closure}()
#20 /home/cajo/Documents/FEUP/3Y-2S/LBAW/vendor/laravel/framework/src/Illuminate/Pipeline/Pipeline.php(163): Illuminate\Foundation\Http\Middleware\TransformsRequest->handle()
#21 /home/cajo/Documents/FEUP/3Y-2S/LBAW/vendor/laravel/framework/src/Illuminate/Routing/Pipeline.php(53): Illuminate\Pipeline\Pipeline->Illuminate\Pipeline\{closure}()
#22 /home/cajo/Documents/FEUP/3Y-2S/LBAW/vendor/laravel/framework/src/Illuminate/Foundation/Http/Middleware/ValidatePostSize.php(27): Illuminate\Routing\Pipeline->Illuminate\Routing\{closure}()
#23 /home/cajo/Documents/FEUP/3Y-2S/LBAW/vendor/laravel/framework/src/Illuminate/Pipeline/Pipeline.php(163): Illuminate\Foundation\Http\Middleware\ValidatePostSize->handle()
#24 /home/cajo/Documents/FEUP/3Y-2S/LBAW/vendor/laravel/framework/src/Illuminate/Routing/Pipeline.php(53): Illuminate\Pipeline\Pipeline->Illuminate\Pipeline\{closure}()
#25 /home/cajo/Documents/FEUP/3Y-2S/LBAW/vendor/laravel/framework/src/Illuminate/Foundation/Http/Middleware/CheckForMaintenanceMode.php(62): Illuminate\Routing\Pipeline->Illuminate\Routing\{closure}()
#26 /home/cajo/Documents/FEUP/3Y-2S/LBAW/vendor/laravel/framework/src/Illuminate/Pipeline/Pipeline.php(163): Illuminate\Foundation\Http\Middleware\CheckForMaintenanceMode->handle()
#27 /home/cajo/Documents/FEUP/3Y-2S/LBAW/vendor/laravel/framework/src/Illuminate/Routing/Pipeline.php(53): Illuminate\Pipeline\Pipeline->Illuminate\Pipeline\{closure}()
#28 /home/cajo/Documents/FEUP/3Y-2S/LBAW/vendor/laravel/framework/src/Illuminate/Pipeline/Pipeline.php(104): Illuminate\Routing\Pipeline->Illuminate\Routing\{closure}()
#29 /home/cajo/Documents/FEUP/3Y-2S/LBAW/vendor/laravel/framework/src/Illuminate/Foundation/Http/Kernel.php(151): Illuminate\Pipeline\Pipeline->then()
#30 /home/cajo/Documents/FEUP/3Y-2S/LBAW/vendor/laravel/framework/src/Illuminate/Foundation/Http/Kernel.php(116): Illuminate\Foundation\Http\Kernel->sendRequestThroughRouter()
#31 /home/cajo/Documents/FEUP/3Y-2S/LBAW/public/index.php(55): Illuminate\Foundation\Http\Kernel->handle()
#32 /home/cajo/Documents/FEUP/3Y-2S/LBAW/server.php(21): require_once('/home/cajo/Docu...')
#33 {main}
