
#0 /home/cajo/Documents/FEUP/3Y-2S/LBAW/vendor/laravel/framework/src/Illuminate/Routing/Router.php(634): Illuminate\Routing\RouteCollection->match()
#1 /home/cajo/Documents/FEUP/3Y-2S/LBAW/vendor/laravel/framework/src/Illuminate/Routing/Router.php(623): Illuminate\Routing\Router->findRoute()
#2 /home/cajo/Documents/FEUP/3Y-2S/LBAW/vendor/laravel/framework/src/Illuminate/Routing/Router.php(612): Illuminate\Routing\Router->dispatchToRoute()
#3 /home/cajo/Documents/FEUP/3Y-2S/LBAW/vendor/laravel/framework/src/Illuminate/Foundation/Http/Kernel.php(176): Illuminate\Routing\Router->dispatch()
#4 /home/cajo/Documents/FEUP/3Y-2S/LBAW/vendor/laravel/framework/src/Illuminate/Routing/Pipeline.php(30): Illuminate\Foundation\Http\Kernel->Illuminate\Foundation\Http\{closure}()
#5 /home/cajo/Documents/FEUP/3Y-2S/LBAW/vendor/laravel/framework/src/Illuminate/View/Middleware/ShareErrorsFromSession.php(49): Illuminate\Routing\Pipeline->Illuminate\Routing\{closure}()
#6 /home/cajo/Documents/FEUP/3Y-2S/LBAW/vendor/laravel/framework/src/Illuminate/Pipeline/Pipeline.php(163): Illuminate\View\Middleware\ShareErrorsFromSession->handle()
#7 /home/cajo/Documents/FEUP/3Y-2S/LBAW/vendor/laravel/framework/src/Illuminate/Routing/Pipeline.php(53): Illuminate\Pipeline\Pipeline->Illuminate\Pipeline\{closure}()
#8 /home/cajo/Documents/FEUP/3Y-2S/LBAW/vendor/laravel/framework/src/Illuminate/Session/Middleware/StartSession.php(56): Illuminate\Routing\Pipeline->Illuminate\Routing\{closure}()
#9 /home/cajo/Documents/FEUP/3Y-2S/LBAW/vendor/laravel/framework/src/Illuminate/Pipeline/Pipeline.php(163): Illuminate\Session\Middleware\StartSession->handle()
#10 /home/cajo/Documents/FEUP/3Y-2S/LBAW/vendor/laravel/framework/src/Illuminate/Routing/Pipeline.php(53): Illuminate\Pipeline\Pipeline->Illuminate\Pipeline\{closure}()
#11 /home/cajo/Documents/FEUP/3Y-2S/LBAW/vendor/fideloper/proxy/src/TrustProxies.php(57): Illuminate\Routing\Pipeline->Illuminate\Routing\{closure}()
#12 /home/cajo/Documents/FEUP/3Y-2S/LBAW/vendor/laravel/framework/src/Illuminate/Pipeline/Pipeline.php(163): Fideloper\Proxy\TrustProxies->handle()
#13 /home/cajo/Documents/FEUP/3Y-2S/LBAW/vendor/laravel/framework/src/Illuminate/Routing/Pipeline.php(53): Illuminate\Pipeline\Pipeline->Illuminate\Pipeline\{closure}()
#14 /home/cajo/Documents/FEUP/3Y-2S/LBAW/vendor/laravel/framework/src/Illuminate/Foundation/Http/Middleware/TransformsRequest.php(21): Illuminate\Routing\Pipeline->Illuminate\Routing\{closure}()
#15 /home/cajo/Documents/FEUP/3Y-2S/LBAW/vendor/laravel/framework/src/Illuminate/Pipeline/Pipeline.php(163): Illuminate\Foundation\Http\Middleware\TransformsRequest->handle()
#16 /home/cajo/Documents/FEUP/3Y-2S/LBAW/vendor/laravel/framework/src/Illuminate/Routing/Pipeline.php(53): Illuminate\Pipeline\Pipeline->Illuminate\Pipeline\{closure}()
#17 /home/cajo/Documents/FEUP/3Y-2S/LBAW/vendor/laravel/framework/src/Illuminate/Foundation/Http/Middleware/TransformsRequest.php(21): Illuminate\Routing\Pipeline->Illuminate\Routing\{closure}()
#18 /home/cajo/Documents/FEUP/3Y-2S/LBAW/vendor/laravel/framework/src/Illuminate/Pipeline/Pipeline.php(163): Illuminate\Foundation\Http\Middleware\TransformsRequest->handle()
#19 /home/cajo/Documents/FEUP/3Y-2S/LBAW/vendor/laravel/framework/src/Illuminate/Routing/Pipeline.php(53): Illuminate\Pipeline\Pipeline->Illuminate\Pipeline\{closure}()
#20 /home/cajo/Documents/FEUP/3Y-2S/LBAW/vendor/laravel/framework/src/Illuminate/Foundation/Http/Middleware/ValidatePostSize.php(27): Illuminate\Routing\Pipeline->Illuminate\Routing\{closure}()
#21 /home/cajo/Documents/FEUP/3Y-2S/LBAW/vendor/laravel/framework/src/Illuminate/Pipeline/Pipeline.php(163): Illuminate\Foundation\Http\Middleware\ValidatePostSize->handle()
#22 /home/cajo/Documents/FEUP/3Y-2S/LBAW/vendor/laravel/framework/src/Illuminate/Routing/Pipeline.php(53): Illuminate\Pipeline\Pipeline->Illuminate\Pipeline\{closure}()
#23 /home/cajo/Documents/FEUP/3Y-2S/LBAW/vendor/laravel/framework/src/Illuminate/Foundation/Http/Middleware/CheckForMaintenanceMode.php(62): Illuminate\Routing\Pipeline->Illuminate\Routing\{closure}()
#24 /home/cajo/Documents/FEUP/3Y-2S/LBAW/vendor/laravel/framework/src/Illuminate/Pipeline/Pipeline.php(163): Illuminate\Foundation\Http\Middleware\CheckForMaintenanceMode->handle()
#25 /home/cajo/Documents/FEUP/3Y-2S/LBAW/vendor/laravel/framework/src/Illuminate/Routing/Pipeline.php(53): Illuminate\Pipeline\Pipeline->Illuminate\Pipeline\{closure}()
#26 /home/cajo/Documents/FEUP/3Y-2S/LBAW/vendor/laravel/framework/src/Illuminate/Pipeline/Pipeline.php(104): Illuminate\Routing\Pipeline->Illuminate\Routing\{closure}()
#27 /home/cajo/Documents/FEUP/3Y-2S/LBAW/vendor/laravel/framework/src/Illuminate/Foundation/Http/Kernel.php(151): Illuminate\Pipeline\Pipeline->then()
#28 /home/cajo/Documents/FEUP/3Y-2S/LBAW/vendor/laravel/framework/src/Illuminate/Foundation/Http/Kernel.php(116): Illuminate\Foundation\Http\Kernel->sendRequestThroughRouter()
#29 /home/cajo/Documents/FEUP/3Y-2S/LBAW/public/index.php(55): Illuminate\Foundation\Http\Kernel->handle()
#30 /home/cajo/Documents/FEUP/3Y-2S/LBAW/server.php(21): require_once('/home/cajo/Docu...')
#31 {main}
Trying to get property 'notifications' of non-object
#0 /home/cajo/Documents/FEUP/3Y-2S/LBAW/app/Http/Controllers/UserController.php(290): Illuminate\Foundation\Bootstrap\HandleExceptions->handleError()
#1 [internal function]: App\Http\Controllers\UserController->getNotifications()
#2 /home/cajo/Documents/FEUP/3Y-2S/LBAW/vendor/laravel/framework/src/Illuminate/Routing/Controller.php(54): call_user_func_array()
#3 /home/cajo/Documents/FEUP/3Y-2S/LBAW/vendor/laravel/framework/src/Illuminate/Routing/ControllerDispatcher.php(45): Illuminate\Routing\Controller->callAction()
#4 /home/cajo/Documents/FEUP/3Y-2S/LBAW/vendor/laravel/framework/src/Illuminate/Routing/Route.php(219): Illuminate\Routing\ControllerDispatcher->dispatch()
#5 /home/cajo/Documents/FEUP/3Y-2S/LBAW/vendor/laravel/framework/src/Illuminate/Routing/Route.php(176): Illuminate\Routing\Route->runController()
#6 /home/cajo/Documents/FEUP/3Y-2S/LBAW/vendor/laravel/framework/src/Illuminate/Routing/Router.php(680): Illuminate\Routing\Route->run()
#7 /home/cajo/Documents/FEUP/3Y-2S/LBAW/vendor/laravel/framework/src/Illuminate/Routing/Pipeline.php(30): Illuminate\Routing\Router->Illuminate\Routing\{closure}()
#8 /home/cajo/Documents/FEUP/3Y-2S/LBAW/vendor/laravel/framework/src/Illuminate/Routing/Middleware/SubstituteBindings.php(41): Illuminate\Routing\Pipeline->Illuminate\Routing\{closure}()
#9 /home/cajo/Documents/FEUP/3Y-2S/LBAW/vendor/laravel/framework/src/Illuminate/Pipeline/Pipeline.php(163): Illuminate\Routing\Middleware\SubstituteBindings->handle()
#10 /home/cajo/Documents/FEUP/3Y-2S/LBAW/vendor/laravel/framework/src/Illuminate/Routing/Pipeline.php(53): Illuminate\Pipeline\Pipeline->Illuminate\Pipeline\{closure}()
#11 /home/cajo/Documents/FEUP/3Y-2S/LBAW/vendor/laravel/framework/src/Illuminate/Foundation/Http/Middleware/VerifyCsrfToken.php(75): Illuminate\Routing\Pipeline->Illuminate\Routing\{closure}()
#12 /home/cajo/Documents/FEUP/3Y-2S/LBAW/vendor/laravel/framework/src/Illuminate/Pipeline/Pipeline.php(163): Illuminate\Foundation\Http\Middleware\VerifyCsrfToken->handle()
#13 /home/cajo/Documents/FEUP/3Y-2S/LBAW/vendor/laravel/framework/src/Illuminate/Routing/Pipeline.php(53): Illuminate\Pipeline\Pipeline->Illuminate\Pipeline\{closure}()
#14 /home/cajo/Documents/FEUP/3Y-2S/LBAW/vendor/laravel/framework/src/Illuminate/Cookie/Middleware/AddQueuedCookiesToResponse.php(37): Illuminate\Routing\Pipeline->Illuminate\Routing\{closure}()
#15 /home/cajo/Documents/FEUP/3Y-2S/LBAW/vendor/laravel/framework/src/Illuminate/Pipeline/Pipeline.php(163): Illuminate\Cookie\Middleware\AddQueuedCookiesToResponse->handle()
#16 /home/cajo/Documents/FEUP/3Y-2S/LBAW/vendor/laravel/framework/src/Illuminate/Routing/Pipeline.php(53): Illuminate\Pipeline\Pipeline->Illuminate\Pipeline\{closure}()
#17 /home/cajo/Documents/FEUP/3Y-2S/LBAW/vendor/laravel/framework/src/Illuminate/Cookie/Middleware/EncryptCookies.php(66): Illuminate\Routing\Pipeline->Illuminate\Routing\{closure}()
#18 /home/cajo/Documents/FEUP/3Y-2S/LBAW/vendor/laravel/framework/src/Illuminate/Pipeline/Pipeline.php(163): Illuminate\Cookie\Middleware\EncryptCookies->handle()
#19 /home/cajo/Documents/FEUP/3Y-2S/LBAW/vendor/laravel/framework/src/Illuminate/Routing/Pipeline.php(53): Illuminate\Pipeline\Pipeline->Illuminate\Pipeline\{closure}()
#20 /home/cajo/Documents/FEUP/3Y-2S/LBAW/vendor/laravel/framework/src/Illuminate/Pipeline/Pipeline.php(104): Illuminate\Routing\Pipeline->Illuminate\Routing\{closure}()
#21 /home/cajo/Documents/FEUP/3Y-2S/LBAW/vendor/laravel/framework/src/Illuminate/Routing/Router.php(682): Illuminate\Pipeline\Pipeline->then()
#22 /home/cajo/Documents/FEUP/3Y-2S/LBAW/vendor/laravel/framework/src/Illuminate/Routing/Router.php(657): Illuminate\Routing\Router->runRouteWithinStack()
#23 /home/cajo/Documents/FEUP/3Y-2S/LBAW/vendor/laravel/framework/src/Illuminate/Routing/Router.php(623): Illuminate\Routing\Router->runRoute()
#24 /home/cajo/Documents/FEUP/3Y-2S/LBAW/vendor/laravel/framework/src/Illuminate/Routing/Router.php(612): Illuminate\Routing\Router->dispatchToRoute()
#25 /home/cajo/Documents/FEUP/3Y-2S/LBAW/vendor/laravel/framework/src/Illuminate/Foundation/Http/Kernel.php(176): Illuminate\Routing\Router->dispatch()
#26 /home/cajo/Documents/FEUP/3Y-2S/LBAW/vendor/laravel/framework/src/Illuminate/Routing/Pipeline.php(30): Illuminate\Foundation\Http\Kernel->Illuminate\Foundation\Http\{closure}()
#27 /home/cajo/Documents/FEUP/3Y-2S/LBAW/vendor/laravel/framework/src/Illuminate/View/Middleware/ShareErrorsFromSession.php(49): Illuminate\Routing\Pipeline->Illuminate\Routing\{closure}()
#28 /home/cajo/Documents/FEUP/3Y-2S/LBAW/vendor/laravel/framework/src/Illuminate/Pipeline/Pipeline.php(163): Illuminate\View\Middleware\ShareErrorsFromSession->handle()
#29 /home/cajo/Documents/FEUP/3Y-2S/LBAW/vendor/laravel/framework/src/Illuminate/Routing/Pipeline.php(53): Illuminate\Pipeline\Pipeline->Illuminate\Pipeline\{closure}()
#30 /home/cajo/Documents/FEUP/3Y-2S/LBAW/vendor/laravel/framework/src/Illuminate/Session/Middleware/StartSession.php(56): Illuminate\Routing\Pipeline->Illuminate\Routing\{closure}()
#31 /home/cajo/Documents/FEUP/3Y-2S/LBAW/vendor/laravel/framework/src/Illuminate/Pipeline/Pipeline.php(163): Illuminate\Session\Middleware\StartSession->handle()
#32 /home/cajo/Documents/FEUP/3Y-2S/LBAW/vendor/laravel/framework/src/Illuminate/Routing/Pipeline.php(53): Illuminate\Pipeline\Pipeline->Illuminate\Pipeline\{closure}()
#33 /home/cajo/Documents/FEUP/3Y-2S/LBAW/vendor/fideloper/proxy/src/TrustProxies.php(57): Illuminate\Routing\Pipeline->Illuminate\Routing\{closure}()
#34 /home/cajo/Documents/FEUP/3Y-2S/LBAW/vendor/laravel/framework/src/Illuminate/Pipeline/Pipeline.php(163): Fideloper\Proxy\TrustProxies->handle()
#35 /home/cajo/Documents/FEUP/3Y-2S/LBAW/vendor/laravel/framework/src/Illuminate/Routing/Pipeline.php(53): Illuminate\Pipeline\Pipeline->Illuminate\Pipeline\{closure}()
#36 /home/cajo/Documents/FEUP/3Y-2S/LBAW/vendor/laravel/framework/src/Illuminate/Foundation/Http/Middleware/TransformsRequest.php(21): Illuminate\Routing\Pipeline->Illuminate\Routing\{closure}()
#37 /home/cajo/Documents/FEUP/3Y-2S/LBAW/vendor/laravel/framework/src/Illuminate/Pipeline/Pipeline.php(163): Illuminate\Foundation\Http\Middleware\TransformsRequest->handle()
#38 /home/cajo/Documents/FEUP/3Y-2S/LBAW/vendor/laravel/framework/src/Illuminate/Routing/Pipeline.php(53): Illuminate\Pipeline\Pipeline->Illuminate\Pipeline\{closure}()
#39 /home/cajo/Documents/FEUP/3Y-2S/LBAW/vendor/laravel/framework/src/Illuminate/Foundation/Http/Middleware/TransformsRequest.php(21): Illuminate\Routing\Pipeline->Illuminate\Routing\{closure}()
#40 /home/cajo/Documents/FEUP/3Y-2S/LBAW/vendor/laravel/framework/src/Illuminate/Pipeline/Pipeline.php(163): Illuminate\Foundation\Http\Middleware\TransformsRequest->handle()
#41 /home/cajo/Documents/FEUP/3Y-2S/LBAW/vendor/laravel/framework/src/Illuminate/Routing/Pipeline.php(53): Illuminate\Pipeline\Pipeline->Illuminate\Pipeline\{closure}()
#42 /home/cajo/Documents/FEUP/3Y-2S/LBAW/vendor/laravel/framework/src/Illuminate/Foundation/Http/Middleware/ValidatePostSize.php(27): Illuminate\Routing\Pipeline->Illuminate\Routing\{closure}()
#43 /home/cajo/Documents/FEUP/3Y-2S/LBAW/vendor/laravel/framework/src/Illuminate/Pipeline/Pipeline.php(163): Illuminate\Foundation\Http\Middleware\ValidatePostSize->handle()
#44 /home/cajo/Documents/FEUP/3Y-2S/LBAW/vendor/laravel/framework/src/Illuminate/Routing/Pipeline.php(53): Illuminate\Pipeline\Pipeline->Illuminate\Pipeline\{closure}()
#45 /home/cajo/Documents/FEUP/3Y-2S/LBAW/vendor/laravel/framework/src/Illuminate/Foundation/Http/Middleware/CheckForMaintenanceMode.php(62): Illuminate\Routing\Pipeline->Illuminate\Routing\{closure}()
#46 /home/cajo/Documents/FEUP/3Y-2S/LBAW/vendor/laravel/framework/src/Illuminate/Pipeline/Pipeline.php(163): Illuminate\Foundation\Http\Middleware\CheckForMaintenanceMode->handle()
#47 /home/cajo/Documents/FEUP/3Y-2S/LBAW/vendor/laravel/framework/src/Illuminate/Routing/Pipeline.php(53): Illuminate\Pipeline\Pipeline->Illuminate\Pipeline\{closure}()
#48 /home/cajo/Documents/FEUP/3Y-2S/LBAW/vendor/laravel/framework/src/Illuminate/Pipeline/Pipeline.php(104): Illuminate\Routing\Pipeline->Illuminate\Routing\{closure}()
#49 /home/cajo/Documents/FEUP/3Y-2S/LBAW/vendor/laravel/framework/src/Illuminate/Foundation/Http/Kernel.php(151): Illuminate\Pipeline\Pipeline->then()
#50 /home/cajo/Documents/FEUP/3Y-2S/LBAW/vendor/laravel/framework/src/Illuminate/Foundation/Http/Kernel.php(116): Illuminate\Foundation\Http\Kernel->sendRequestThroughRouter()
#51 /home/cajo/Documents/FEUP/3Y-2S/LBAW/public/index.php(55): Illuminate\Foundation\Http\Kernel->handle()
#52 /home/cajo/Documents/FEUP/3Y-2S/LBAW/server.php(21): require_once('/home/cajo/Docu...')
#53 {main}
