This action is unauthorized.
#0 /home/cajo/Documents/FEUP/3Y-2S/LBAW/vendor/laravel/framework/src/Illuminate/Auth/Access/Gate.php(328): Illuminate\Auth\Access\Gate->deny()
#1 /home/cajo/Documents/FEUP/3Y-2S/LBAW/vendor/laravel/framework/src/Illuminate/Foundation/Auth/Access/AuthorizesRequests.php(23): Illuminate\Auth\Access\Gate->authorize()
#2 /home/cajo/Documents/FEUP/3Y-2S/LBAW/app/Http/Controllers/CommentController.php(63): App\Http\Controllers\Controller->authorize()
#3 [internal function]: App\Http\Controllers\CommentController->create()
#4 /home/cajo/Documents/FEUP/3Y-2S/LBAW/vendor/laravel/framework/src/Illuminate/Routing/Controller.php(54): call_user_func_array()
#5 /home/cajo/Documents/FEUP/3Y-2S/LBAW/vendor/laravel/framework/src/Illuminate/Routing/ControllerDispatcher.php(45): Illuminate\Routing\Controller->callAction()
#6 /home/cajo/Documents/FEUP/3Y-2S/LBAW/vendor/laravel/framework/src/Illuminate/Routing/Route.php(219): Illuminate\Routing\ControllerDispatcher->dispatch()
#7 /home/cajo/Documents/FEUP/3Y-2S/LBAW/vendor/laravel/framework/src/Illuminate/Routing/Route.php(176): Illuminate\Routing\Route->runController()
#8 /home/cajo/Documents/FEUP/3Y-2S/LBAW/vendor/laravel/framework/src/Illuminate/Routing/Router.php(680): Illuminate\Routing\Route->run()
#9 /home/cajo/Documents/FEUP/3Y-2S/LBAW/vendor/laravel/framework/src/Illuminate/Routing/Pipeline.php(30): Illuminate\Routing\Router->Illuminate\Routing\{closure}()
#10 /home/cajo/Documents/FEUP/3Y-2S/LBAW/vendor/laravel/framework/src/Illuminate/Routing/Middleware/SubstituteBindings.php(41): Illuminate\Routing\Pipeline->Illuminate\Routing\{closure}()
#11 /home/cajo/Documents/FEUP/3Y-2S/LBAW/vendor/laravel/framework/src/Illuminate/Pipeline/Pipeline.php(163): Illuminate\Routing\Middleware\SubstituteBindings->handle()
#12 /home/cajo/Documents/FEUP/3Y-2S/LBAW/vendor/laravel/framework/src/Illuminate/Routing/Pipeline.php(53): Illuminate\Pipeline\Pipeline->Illuminate\Pipeline\{closure}()
#13 /home/cajo/Documents/FEUP/3Y-2S/LBAW/vendor/laravel/framework/src/Illuminate/Foundation/Http/Middleware/VerifyCsrfToken.php(75): Illuminate\Routing\Pipeline->Illuminate\Routing\{closure}()
#14 /home/cajo/Documents/FEUP/3Y-2S/LBAW/vendor/laravel/framework/src/Illuminate/Pipeline/Pipeline.php(163): Illuminate\Foundation\Http\Middleware\VerifyCsrfToken->handle()
#15 /home/cajo/Documents/FEUP/3Y-2S/LBAW/vendor/laravel/framework/src/Illuminate/Routing/Pipeline.php(53): Illuminate\Pipeline\Pipeline->Illuminate\Pipeline\{closure}()
#16 /home/cajo/Documents/FEUP/3Y-2S/LBAW/vendor/laravel/framework/src/Illuminate/Cookie/Middleware/AddQueuedCookiesToResponse.php(37): Illuminate\Routing\Pipeline->Illuminate\Routing\{closure}()
#17 /home/cajo/Documents/FEUP/3Y-2S/LBAW/vendor/laravel/framework/src/Illuminate/Pipeline/Pipeline.php(163): Illuminate\Cookie\Middleware\AddQueuedCookiesToResponse->handle()
#18 /home/cajo/Documents/FEUP/3Y-2S/LBAW/vendor/laravel/framework/src/Illuminate/Routing/Pipeline.php(53): Illuminate\Pipeline\Pipeline->Illuminate\Pipeline\{closure}()
#19 /home/cajo/Documents/FEUP/3Y-2S/LBAW/vendor/laravel/framework/src/Illuminate/Cookie/Middleware/EncryptCookies.php(66): Illuminate\Routing\Pipeline->Illuminate\Routing\{closure}()
#20 /home/cajo/Documents/FEUP/3Y-2S/LBAW/vendor/laravel/framework/src/Illuminate/Pipeline/Pipeline.php(163): Illuminate\Cookie\Middleware\EncryptCookies->handle()
#21 /home/cajo/Documents/FEUP/3Y-2S/LBAW/vendor/laravel/framework/src/Illuminate/Routing/Pipeline.php(53): Illuminate\Pipeline\Pipeline->Illuminate\Pipeline\{closure}()
#22 /home/cajo/Documents/FEUP/3Y-2S/LBAW/vendor/laravel/framework/src/Illuminate/Pipeline/Pipeline.php(104): Illuminate\Routing\Pipeline->Illuminate\Routing\{closure}()
#23 /home/cajo/Documents/FEUP/3Y-2S/LBAW/vendor/laravel/framework/src/Illuminate/Routing/Router.php(682): Illuminate\Pipeline\Pipeline->then()
#24 /home/cajo/Documents/FEUP/3Y-2S/LBAW/vendor/laravel/framework/src/Illuminate/Routing/Router.php(657): Illuminate\Routing\Router->runRouteWithinStack()
#25 /home/cajo/Documents/FEUP/3Y-2S/LBAW/vendor/laravel/framework/src/Illuminate/Routing/Router.php(623): Illuminate\Routing\Router->runRoute()
#26 /home/cajo/Documents/FEUP/3Y-2S/LBAW/vendor/laravel/framework/src/Illuminate/Routing/Router.php(612): Illuminate\Routing\Router->dispatchToRoute()
#27 /home/cajo/Documents/FEUP/3Y-2S/LBAW/vendor/laravel/framework/src/Illuminate/Foundation/Http/Kernel.php(176): Illuminate\Routing\Router->dispatch()
#28 /home/cajo/Documents/FEUP/3Y-2S/LBAW/vendor/laravel/framework/src/Illuminate/Routing/Pipeline.php(30): Illuminate\Foundation\Http\Kernel->Illuminate\Foundation\Http\{closure}()
#29 /home/cajo/Documents/FEUP/3Y-2S/LBAW/vendor/laravel/framework/src/Illuminate/View/Middleware/ShareErrorsFromSession.php(49): Illuminate\Routing\Pipeline->Illuminate\Routing\{closure}()
#30 /home/cajo/Documents/FEUP/3Y-2S/LBAW/vendor/laravel/framework/src/Illuminate/Pipeline/Pipeline.php(163): Illuminate\View\Middleware\ShareErrorsFromSession->handle()
#31 /home/cajo/Documents/FEUP/3Y-2S/LBAW/vendor/laravel/framework/src/Illuminate/Routing/Pipeline.php(53): Illuminate\Pipeline\Pipeline->Illuminate\Pipeline\{closure}()
#32 /home/cajo/Documents/FEUP/3Y-2S/LBAW/vendor/laravel/framework/src/Illuminate/Session/Middleware/StartSession.php(56): Illuminate\Routing\Pipeline->Illuminate\Routing\{closure}()
#33 /home/cajo/Documents/FEUP/3Y-2S/LBAW/vendor/laravel/framework/src/Illuminate/Pipeline/Pipeline.php(163): Illuminate\Session\Middleware\StartSession->handle()
#34 /home/cajo/Documents/FEUP/3Y-2S/LBAW/vendor/laravel/framework/src/Illuminate/Routing/Pipeline.php(53): Illuminate\Pipeline\Pipeline->Illuminate\Pipeline\{closure}()
#35 /home/cajo/Documents/FEUP/3Y-2S/LBAW/vendor/fideloper/proxy/src/TrustProxies.php(57): Illuminate\Routing\Pipeline->Illuminate\Routing\{closure}()
#36 /home/cajo/Documents/FEUP/3Y-2S/LBAW/vendor/laravel/framework/src/Illuminate/Pipeline/Pipeline.php(163): Fideloper\Proxy\TrustProxies->handle()
#37 /home/cajo/Documents/FEUP/3Y-2S/LBAW/vendor/laravel/framework/src/Illuminate/Routing/Pipeline.php(53): Illuminate\Pipeline\Pipeline->Illuminate\Pipeline\{closure}()
#38 /home/cajo/Documents/FEUP/3Y-2S/LBAW/vendor/laravel/framework/src/Illuminate/Foundation/Http/Middleware/TransformsRequest.php(21): Illuminate\Routing\Pipeline->Illuminate\Routing\{closure}()
#39 /home/cajo/Documents/FEUP/3Y-2S/LBAW/vendor/laravel/framework/src/Illuminate/Pipeline/Pipeline.php(163): Illuminate\Foundation\Http\Middleware\TransformsRequest->handle()
#40 /home/cajo/Documents/FEUP/3Y-2S/LBAW/vendor/laravel/framework/src/Illuminate/Routing/Pipeline.php(53): Illuminate\Pipeline\Pipeline->Illuminate\Pipeline\{closure}()
#41 /home/cajo/Documents/FEUP/3Y-2S/LBAW/vendor/laravel/framework/src/Illuminate/Foundation/Http/Middleware/TransformsRequest.php(21): Illuminate\Routing\Pipeline->Illuminate\Routing\{closure}()
#42 /home/cajo/Documents/FEUP/3Y-2S/LBAW/vendor/laravel/framework/src/Illuminate/Pipeline/Pipeline.php(163): Illuminate\Foundation\Http\Middleware\TransformsRequest->handle()
#43 /home/cajo/Documents/FEUP/3Y-2S/LBAW/vendor/laravel/framework/src/Illuminate/Routing/Pipeline.php(53): Illuminate\Pipeline\Pipeline->Illuminate\Pipeline\{closure}()
#44 /home/cajo/Documents/FEUP/3Y-2S/LBAW/vendor/laravel/framework/src/Illuminate/Foundation/Http/Middleware/ValidatePostSize.php(27): Illuminate\Routing\Pipeline->Illuminate\Routing\{closure}()
#45 /home/cajo/Documents/FEUP/3Y-2S/LBAW/vendor/laravel/framework/src/Illuminate/Pipeline/Pipeline.php(163): Illuminate\Foundation\Http\Middleware\ValidatePostSize->handle()
#46 /home/cajo/Documents/FEUP/3Y-2S/LBAW/vendor/laravel/framework/src/Illuminate/Routing/Pipeline.php(53): Illuminate\Pipeline\Pipeline->Illuminate\Pipeline\{closure}()
#47 /home/cajo/Documents/FEUP/3Y-2S/LBAW/vendor/laravel/framework/src/Illuminate/Foundation/Http/Middleware/CheckForMaintenanceMode.php(62): Illuminate\Routing\Pipeline->Illuminate\Routing\{closure}()
#48 /home/cajo/Documents/FEUP/3Y-2S/LBAW/vendor/laravel/framework/src/Illuminate/Pipeline/Pipeline.php(163): Illuminate\Foundation\Http\Middleware\CheckForMaintenanceMode->handle()
#49 /home/cajo/Documents/FEUP/3Y-2S/LBAW/vendor/laravel/framework/src/Illuminate/Routing/Pipeline.php(53): Illuminate\Pipeline\Pipeline->Illuminate\Pipeline\{closure}()
#50 /home/cajo/Documents/FEUP/3Y-2S/LBAW/vendor/laravel/framework/src/Illuminate/Pipeline/Pipeline.php(104): Illuminate\Routing\Pipeline->Illuminate\Routing\{closure}()
#51 /home/cajo/Documents/FEUP/3Y-2S/LBAW/vendor/laravel/framework/src/Illuminate/Foundation/Http/Kernel.php(151): Illuminate\Pipeline\Pipeline->then()
#52 /home/cajo/Documents/FEUP/3Y-2S/LBAW/vendor/laravel/framework/src/Illuminate/Foundation/Http/Kernel.php(116): Illuminate\Foundation\Http\Kernel->sendRequestThroughRouter()
#53 /home/cajo/Documents/FEUP/3Y-2S/LBAW/public/index.php(55): Illuminate\Foundation\Http\Kernel->handle()
#54 /home/cajo/Documents/FEUP/3Y-2S/LBAW/server.php(21): require_once('/home/cajo/Docu...')
#55 {main}
