SQLSTATE[22P02]: Invalid text representation: 7 ERROR:  invalid input syntax for integer: "b66a1555-0be9-440c-b895-0fc3fa78eb23" (SQL: insert into "notifications" ("id", "type", "data", "read_at", "notifiable_id", "notifiable_type", "updated_at", "created_at") values (b66a1555-0be9-440c-b895-0fc3fa78eb23, App\Notifications\Rating, {"content":401,"user":102}, ?, 102, App\Models\User, 2020-06-02 19:54:32, 2020-06-02 19:54:32))
#0 /home/bernas/feup/lbaw/vendor/laravel/framework/src/Illuminate/Database/Connection.php(624): Illuminate\Database\Connection->runQueryCallback()
#1 /home/bernas/feup/lbaw/vendor/laravel/framework/src/Illuminate/Database/Connection.php(459): Illuminate\Database\Connection->run()
#2 /home/bernas/feup/lbaw/vendor/laravel/framework/src/Illuminate/Database/Connection.php(411): Illuminate\Database\Connection->statement()
#3 /home/bernas/feup/lbaw/vendor/laravel/framework/src/Illuminate/Database/Query/Builder.php(2646): Illuminate\Database\Connection->insert()
#4 /home/bernas/feup/lbaw/vendor/laravel/framework/src/Illuminate/Database/Eloquent/Builder.php(1353): Illuminate\Database\Query\Builder->insert()
#5 /home/bernas/feup/lbaw/vendor/laravel/framework/src/Illuminate/Database/Eloquent/Model.php(815): Illuminate\Database\Eloquent\Builder->__call()
#6 /home/bernas/feup/lbaw/vendor/laravel/framework/src/Illuminate/Database/Eloquent/Model.php(667): Illuminate\Database\Eloquent\Model->performInsert()
#7 /home/bernas/feup/lbaw/vendor/laravel/framework/src/Illuminate/Database/Eloquent/Relations/HasOneOrMany.php(281): Illuminate\Database\Eloquent\Model->save()
#8 /home/bernas/feup/lbaw/vendor/laravel/framework/src/Illuminate/Support/helpers.php(1124): Illuminate\Database\Eloquent\Relations\HasOneOrMany->Illuminate\Database\Eloquent\Relations\{closure}()
#9 /home/bernas/feup/lbaw/vendor/laravel/framework/src/Illuminate/Database/Eloquent/Relations/HasOneOrMany.php(282): tap()
#10 /home/bernas/feup/lbaw/vendor/laravel/framework/src/Illuminate/Notifications/Channels/DatabaseChannel.php(20): Illuminate\Database\Eloquent\Relations\HasOneOrMany->create()
#11 /home/bernas/feup/lbaw/vendor/laravel/framework/src/Illuminate/Notifications/NotificationSender.php(144): Illuminate\Notifications\Channels\DatabaseChannel->send()
#12 /home/bernas/feup/lbaw/vendor/laravel/framework/src/Illuminate/Notifications/NotificationSender.php(103): Illuminate\Notifications\NotificationSender->sendToNotifiable()
#13 /home/bernas/feup/lbaw/vendor/laravel/framework/src/Illuminate/Support/Traits/Localizable.php(19): Illuminate\Notifications\NotificationSender->Illuminate\Notifications\{closure}()
#14 /home/bernas/feup/lbaw/vendor/laravel/framework/src/Illuminate/Notifications/NotificationSender.php(105): Illuminate\Notifications\NotificationSender->withLocale()
#15 /home/bernas/feup/lbaw/vendor/laravel/framework/src/Illuminate/Notifications/NotificationSender.php(77): Illuminate\Notifications\NotificationSender->sendNow()
#16 /home/bernas/feup/lbaw/vendor/laravel/framework/src/Illuminate/Notifications/ChannelManager.php(39): Illuminate\Notifications\NotificationSender->send()
#17 /home/bernas/feup/lbaw/vendor/laravel/framework/src/Illuminate/Notifications/RoutesNotifications.php(18): Illuminate\Notifications\ChannelManager->send()
#18 /home/bernas/feup/lbaw/app/Http/Controllers/ContentController.php(47): App\Models\User->notify()
#19 [internal function]: App\Http\Controllers\ContentController->add()
#20 /home/bernas/feup/lbaw/vendor/laravel/framework/src/Illuminate/Routing/Controller.php(54): call_user_func_array()
#21 /home/bernas/feup/lbaw/vendor/laravel/framework/src/Illuminate/Routing/ControllerDispatcher.php(45): Illuminate\Routing\Controller->callAction()
#22 /home/bernas/feup/lbaw/vendor/laravel/framework/src/Illuminate/Routing/Route.php(219): Illuminate\Routing\ControllerDispatcher->dispatch()
#23 /home/bernas/feup/lbaw/vendor/laravel/framework/src/Illuminate/Routing/Route.php(176): Illuminate\Routing\Route->runController()
#24 /home/bernas/feup/lbaw/vendor/laravel/framework/src/Illuminate/Routing/Router.php(680): Illuminate\Routing\Route->run()
#25 /home/bernas/feup/lbaw/vendor/laravel/framework/src/Illuminate/Routing/Pipeline.php(30): Illuminate\Routing\Router->Illuminate\Routing\{closure}()
#26 /home/bernas/feup/lbaw/vendor/laravel/framework/src/Illuminate/Routing/Middleware/SubstituteBindings.php(41): Illuminate\Routing\Pipeline->Illuminate\Routing\{closure}()
#27 /home/bernas/feup/lbaw/vendor/laravel/framework/src/Illuminate/Pipeline/Pipeline.php(163): Illuminate\Routing\Middleware\SubstituteBindings->handle()
#28 /home/bernas/feup/lbaw/vendor/laravel/framework/src/Illuminate/Routing/Pipeline.php(53): Illuminate\Pipeline\Pipeline->Illuminate\Pipeline\{closure}()
#29 /home/bernas/feup/lbaw/vendor/laravel/framework/src/Illuminate/Foundation/Http/Middleware/VerifyCsrfToken.php(75): Illuminate\Routing\Pipeline->Illuminate\Routing\{closure}()
#30 /home/bernas/feup/lbaw/vendor/laravel/framework/src/Illuminate/Pipeline/Pipeline.php(163): Illuminate\Foundation\Http\Middleware\VerifyCsrfToken->handle()
#31 /home/bernas/feup/lbaw/vendor/laravel/framework/src/Illuminate/Routing/Pipeline.php(53): Illuminate\Pipeline\Pipeline->Illuminate\Pipeline\{closure}()
#32 /home/bernas/feup/lbaw/vendor/laravel/framework/src/Illuminate/Cookie/Middleware/AddQueuedCookiesToResponse.php(37): Illuminate\Routing\Pipeline->Illuminate\Routing\{closure}()
#33 /home/bernas/feup/lbaw/vendor/laravel/framework/src/Illuminate/Pipeline/Pipeline.php(163): Illuminate\Cookie\Middleware\AddQueuedCookiesToResponse->handle()
#34 /home/bernas/feup/lbaw/vendor/laravel/framework/src/Illuminate/Routing/Pipeline.php(53): Illuminate\Pipeline\Pipeline->Illuminate\Pipeline\{closure}()
#35 /home/bernas/feup/lbaw/vendor/laravel/framework/src/Illuminate/Cookie/Middleware/EncryptCookies.php(66): Illuminate\Routing\Pipeline->Illuminate\Routing\{closure}()
#36 /home/bernas/feup/lbaw/vendor/laravel/framework/src/Illuminate/Pipeline/Pipeline.php(163): Illuminate\Cookie\Middleware\EncryptCookies->handle()
#37 /home/bernas/feup/lbaw/vendor/laravel/framework/src/Illuminate/Routing/Pipeline.php(53): Illuminate\Pipeline\Pipeline->Illuminate\Pipeline\{closure}()
#38 /home/bernas/feup/lbaw/vendor/laravel/framework/src/Illuminate/Pipeline/Pipeline.php(104): Illuminate\Routing\Pipeline->Illuminate\Routing\{closure}()
#39 /home/bernas/feup/lbaw/vendor/laravel/framework/src/Illuminate/Routing/Router.php(682): Illuminate\Pipeline\Pipeline->then()
#40 /home/bernas/feup/lbaw/vendor/laravel/framework/src/Illuminate/Routing/Router.php(657): Illuminate\Routing\Router->runRouteWithinStack()
#41 /home/bernas/feup/lbaw/vendor/laravel/framework/src/Illuminate/Routing/Router.php(623): Illuminate\Routing\Router->runRoute()
#42 /home/bernas/feup/lbaw/vendor/laravel/framework/src/Illuminate/Routing/Router.php(612): Illuminate\Routing\Router->dispatchToRoute()
#43 /home/bernas/feup/lbaw/vendor/laravel/framework/src/Illuminate/Foundation/Http/Kernel.php(176): Illuminate\Routing\Router->dispatch()
#44 /home/bernas/feup/lbaw/vendor/laravel/framework/src/Illuminate/Routing/Pipeline.php(30): Illuminate\Foundation\Http\Kernel->Illuminate\Foundation\Http\{closure}()
#45 /home/bernas/feup/lbaw/vendor/laravel/framework/src/Illuminate/View/Middleware/ShareErrorsFromSession.php(49): Illuminate\Routing\Pipeline->Illuminate\Routing\{closure}()
#46 /home/bernas/feup/lbaw/vendor/laravel/framework/src/Illuminate/Pipeline/Pipeline.php(163): Illuminate\View\Middleware\ShareErrorsFromSession->handle()
#47 /home/bernas/feup/lbaw/vendor/laravel/framework/src/Illuminate/Routing/Pipeline.php(53): Illuminate\Pipeline\Pipeline->Illuminate\Pipeline\{closure}()
#48 /home/bernas/feup/lbaw/vendor/laravel/framework/src/Illuminate/Session/Middleware/StartSession.php(56): Illuminate\Routing\Pipeline->Illuminate\Routing\{closure}()
#49 /home/bernas/feup/lbaw/vendor/laravel/framework/src/Illuminate/Pipeline/Pipeline.php(163): Illuminate\Session\Middleware\StartSession->handle()
#50 /home/bernas/feup/lbaw/vendor/laravel/framework/src/Illuminate/Routing/Pipeline.php(53): Illuminate\Pipeline\Pipeline->Illuminate\Pipeline\{closure}()
#51 /home/bernas/feup/lbaw/vendor/fideloper/proxy/src/TrustProxies.php(57): Illuminate\Routing\Pipeline->Illuminate\Routing\{closure}()
#52 /home/bernas/feup/lbaw/vendor/laravel/framework/src/Illuminate/Pipeline/Pipeline.php(163): Fideloper\Proxy\TrustProxies->handle()
#53 /home/bernas/feup/lbaw/vendor/laravel/framework/src/Illuminate/Routing/Pipeline.php(53): Illuminate\Pipeline\Pipeline->Illuminate\Pipeline\{closure}()
#54 /home/bernas/feup/lbaw/vendor/laravel/framework/src/Illuminate/Foundation/Http/Middleware/TransformsRequest.php(21): Illuminate\Routing\Pipeline->Illuminate\Routing\{closure}()
#55 /home/bernas/feup/lbaw/vendor/laravel/framework/src/Illuminate/Pipeline/Pipeline.php(163): Illuminate\Foundation\Http\Middleware\TransformsRequest->handle()
#56 /home/bernas/feup/lbaw/vendor/laravel/framework/src/Illuminate/Routing/Pipeline.php(53): Illuminate\Pipeline\Pipeline->Illuminate\Pipeline\{closure}()
#57 /home/bernas/feup/lbaw/vendor/laravel/framework/src/Illuminate/Foundation/Http/Middleware/TransformsRequest.php(21): Illuminate\Routing\Pipeline->Illuminate\Routing\{closure}()
#58 /home/bernas/feup/lbaw/vendor/laravel/framework/src/Illuminate/Pipeline/Pipeline.php(163): Illuminate\Foundation\Http\Middleware\TransformsRequest->handle()
#59 /home/bernas/feup/lbaw/vendor/laravel/framework/src/Illuminate/Routing/Pipeline.php(53): Illuminate\Pipeline\Pipeline->Illuminate\Pipeline\{closure}()
#60 /home/bernas/feup/lbaw/vendor/laravel/framework/src/Illuminate/Foundation/Http/Middleware/ValidatePostSize.php(27): Illuminate\Routing\Pipeline->Illuminate\Routing\{closure}()
#61 /home/bernas/feup/lbaw/vendor/laravel/framework/src/Illuminate/Pipeline/Pipeline.php(163): Illuminate\Foundation\Http\Middleware\ValidatePostSize->handle()
#62 /home/bernas/feup/lbaw/vendor/laravel/framework/src/Illuminate/Routing/Pipeline.php(53): Illuminate\Pipeline\Pipeline->Illuminate\Pipeline\{closure}()
#63 /home/bernas/feup/lbaw/vendor/laravel/framework/src/Illuminate/Foundation/Http/Middleware/CheckForMaintenanceMode.php(62): Illuminate\Routing\Pipeline->Illuminate\Routing\{closure}()
#64 /home/bernas/feup/lbaw/vendor/laravel/framework/src/Illuminate/Pipeline/Pipeline.php(163): Illuminate\Foundation\Http\Middleware\CheckForMaintenanceMode->handle()
#65 /home/bernas/feup/lbaw/vendor/laravel/framework/src/Illuminate/Routing/Pipeline.php(53): Illuminate\Pipeline\Pipeline->Illuminate\Pipeline\{closure}()
#66 /home/bernas/feup/lbaw/vendor/laravel/framework/src/Illuminate/Pipeline/Pipeline.php(104): Illuminate\Routing\Pipeline->Illuminate\Routing\{closure}()
#67 /home/bernas/feup/lbaw/vendor/laravel/framework/src/Illuminate/Foundation/Http/Kernel.php(151): Illuminate\Pipeline\Pipeline->then()
#68 /home/bernas/feup/lbaw/vendor/laravel/framework/src/Illuminate/Foundation/Http/Kernel.php(116): Illuminate\Foundation\Http\Kernel->sendRequestThroughRouter()
#69 /home/bernas/feup/lbaw/public/index.php(55): Illuminate\Foundation\Http\Kernel->handle()
#70 /home/bernas/feup/lbaw/server.php(21): require_once('/home/bernas/fe...')
#71 {main}
